<?xml version="1.0" encoding="UTF-8"?>
<!-- Generated by org.testng.reporters.JUnitReportReporter -->
<testsuite hostname="nitiraj" failures="0" tests="19" name="Test.FinalTest" time="230.253" errors="0" timestamp="2024-09-02T00:07:27 IST" skipped="0">
  <testcase classname="Test.FinalTest" name="test18" time="14.265"/>
  <testcase classname="Test.FinalTest" name="test12" time="13.132"/>
  <testcase classname="Test.FinalTest" name="test16" time="13.673"/>
  <testcase classname="Test.FinalTest" name="test5" time="7.801"/>
  <testcase classname="Test.FinalTest" name="test13" time="13.061"/>
  <testcase classname="Test.FinalTest" name="test17" time="10.427"/>
  <testcase classname="Test.FinalTest" name="test6" time="8.706"/>
  <testcase classname="Test.FinalTest" name="test1" time="8.826"/>
  <testcase classname="Test.FinalTest" name="test3" time="7.234"/>
  <testcase classname="Test.FinalTest" name="test14" time="21.409"/>
  <testcase classname="Test.FinalTest" name="test10" time="12.530"/>
  <testcase classname="Test.FinalTest" name="test9" time="25.554"/>
  <testcase classname="Test.FinalTest" name="test11" time="11.430"/>
  <testcase classname="Test.FinalTest" name="test2" time="9.559"/>
  <testcase classname="Test.FinalTest" name="test7" time="8.178"/>
  <testcase classname="Test.FinalTest" name="test4" time="8.857"/>
  <testcase classname="Test.FinalTest" name="test15" time="9.203"/>
  <testcase classname="Test.FinalTest" name="test8" time="14.489"/>
  <testcase classname="Test.FinalTest" name="test19" time="11.919"/>
</testsuite> <!-- Test.FinalTest -->
